 *******************************************************************************
 *                                                                             *
 *                                 SCALE 6.2.4                                 *
 *                                -------------                                *
 *                                 April 2023                                  *
 *                                                                             *
 *           SCALE:  A Comprehensive Modeling and Simulation Suite             *
 *                   for Nuclear Safety Analysis and Design                    *
 *                                                                             *
 *                      Reactor and Nuclear Systems Division                   *
 *                        Oak Ridge National Laboratory                        *
 *                                                                             *
 *                           http://scale.ornl.gov                             *
 *                            scalehelp@ornl.gov                               *
 *                                                                             *
 *******************************************************************************
 *******************************************************************************
      
                  Job Information
                  ---------------
      Job started on LAPTOP-R183V9QL on Wed 05/04/2023 23:47:11
      Working directory: C:\Users\dbloc\AppData\Local\Temp\scale.dbloc.8724
      Input file name  : C:\Users\dbloc\Documents\SCALE\files\msr_isotopics.inp
      Output file name : C:\Users\dbloc\Documents\SCALE\files\msr_isotopics.out
      SCALE executable : C:\SCALE-6.2.4/bin/scale
      
 *******************************************************************************


    module shell will be called on Wed Apr 05 23:47:11 2023.
    sequence specification record:=shell
Input Data:

      xcopy ${INPUT_DIR}/MSRR_ContinuousDepletion.f33 .
end

C:\Users\dbloc\Documents\SCALE\files\MSRR_ContinuousDepletion.f33
1 File(s) copied
module shell is finished. completion code 0


    module origen will be called on Wed Apr 05 23:47:11 2023.
    sequence specification record:=origen
Input Data:

      case{
          lib{file = "MSRR_ContinuousDepletion.f33"}
      
          mat{
              units = MOLES
              iso = [li6 = 0.00633
                     li7 = 63.32367
                     be9 = 31.78905
                     f19 = 146.67
                     u235 = 0.98989
                     u238 = 4.01011
                     cr = 170
                     fe = 650
                     co = 30
                     ni = 120
                     mo = 30]
              }
      
      
          time = [3i 10 50]
          flux = [5r1e13]
          save{file = "isotopics.f71"}
          print{ ele{total=yes units=moles} cutoffs{ALL=1e-19} }
      }
end

1






        ************************************************************************************************************************
        ************************************************************************************************************************
        ************************************************************************************************************************
        *****                                                                                                              *****
        *****                                       program verification information                                       *****
        *****                                                                                                              *****
        *****                                   code system:  SCALE    version:  6.2                                       *****
        *****                                                                                                              *****
        ************************************************************************************************************************
        ************************************************************************************************************************
        *****                                                                                                              *****
        *****                                                                                                              *****
        *****              program:  origen.exe                                                                            *****
        *****                                                                                                              *****
        *****        creation date:   unknown                                                                              *****
        *****                                                                                                              *****
        *****              library:  C:\SCALE-6.2.4\bin                                                                    *****
        *****                                                                                                              *****
        *****                                                                                                              *****
        *****            prod code:  origen.exe                                                                            *****
        *****                                                                                                              *****
        *****              version:  6.2.4                                                                                 *****
        *****                                                                                                              *****
        *****              jobname:  dbloc                                                                                 *****
        *****                                                                                                              *****
        *****         machine name:  LAPTOP-R183V9QL                                                                       *****
        *****                                                                                                              *****
        *****    date of execution:  05_apr_2023                                                                           *****
        *****                                                                                                              *****
        *****    time of execution:  23:47:11.73                                                                           *****
        *****                                                                                                              *****
        *****                                                                                                              *****
        ************************************************************************************************************************
        ************************************************************************************************************************
        ************************************************************************************************************************

*************************************************************************************************************************
********************                                                                                 ********************
********************                                                                                 ********************
********************                    USER INPUT SUMMARY                                           ********************
********************                                                                                 ********************
********************                                                                                 ********************
*************************************************************************************************************************
.
.
=========================================================================================================================
=   Case "1" (#1/1)                                                                                                     =
-------------------------------------------------------------------------------------------------------------------------
###   Library settings                                                                                                ###
.
                                Library file name:     C:/Users/dbloc/AppData/Local/Temp/scale.dbloc.8724/MSRR_ContinuousDepletion.f33
                             Library set position:              1
                 Fission product reaction removal:             no
-------------------------------------------------------------------------------------------------------------------------
###   Global settings                                                                                                 ###
.
                                           Solver:              MATREX
                                             Mode:        forward
                             Fixed fission energy:             no
-------------------------------------------------------------------------------------------------------------------------
###   Concentrations output options                                                                                   ###
.
                            High-precision output:             no
                                  Relative cutoff:            yes
                         Step for applying cutoff:       integral
.
                      light els.   actinides  fis.prods.       total
                       nuc    el   nuc    el   nuc    el   nuc    el             cutoff
gram-atoms                                                       **           1.000E-19
grams                                                                         1.000E-19
curies                                                                        1.000E-19
watts                                                                         1.000E-19
gamma watts                                                                   1.000E-19
m3 air                                                                        1.000E-19
m3 water                                                                      1.000E-19
grams ppm                                                                     1.000E-19
atoms ppm                                                                     1.000E-19
atoms/barn-cm                                                                 1.000E-19
becquerels                                                                    1.000E-19
-------------------------------------------------------------------------------------------------------------------------
###   Additional output options                                                                                       ###
.
                                      Print k-inf:             no
           Nuclides for absorption fraction print:           none
                              Print fission rates:             no
            Step for sorting absorption fractions:              5
=========================================================================================================================
###   Blending information                                                                                            ###
.
  --- no blending requested in this job ---
=========================================================================================================================
.
.
=========================================================================================================================
=   History overview for case '1' (#1/1)                                                                                =
-------------------------------------------------------------------------------------------------------------------------
   step          t0          t1          dt           t        flux     fluence       power      energy
    (-)         (d)         (d)         (s)         (s)   (n/cm2-s)     (n/cm2)        (MW)       (MWd)
      1      0.0000     10.0000  8.6400E+05  8.6400E+05  1.0000E+13  8.6400E+18  1.1396E-02  1.1396E-01
      2     10.0000     20.0000  8.6400E+05  1.7280E+06  1.0000E+13  1.7280E+19  1.1395E-02  2.2790E-01
      3     20.0000     30.0000  8.6400E+05  2.5920E+06  1.0000E+13  2.5920E+19  1.1393E-02  3.4183E-01
      4     30.0000     40.0000  8.6400E+05  3.4560E+06  1.0000E+13  3.4560E+19  1.1392E-02  4.5575E-01
      5     40.0000     50.0000  8.6400E+05  4.3200E+06  1.0000E+13  4.3200E+19  1.1390E-02  5.6965E-01
          
              step - step index within this case
                t0 - time at beginning-of-step in input units
                t1 - time at end-of-step in input units
                dt - length of step in seconds
                 t - end-of-step cumulative time in seconds
              flux - flux in neutrons/cm^2-sec (INPUT)     
           fluence - cumulative end-of-step fluence in neutrons/cm^2 (INPUT)     
             power - power in mega-watts (CALCULATED)
            energy - cumulative end-of-step energy released in mega-watt-days (CALCULATED)
=========================================================================================================================
.
.
.
.
.
*************************************************************************************************************************
********************                                                                                 ********************
********************                                                                                 ********************
********************                    Library information                                          ********************
********************                                                                                 ********************
********************                                                                                 ********************
*************************************************************************************************************************
.
.
=========================================================================================================================
=   Library summary for case '1' (#1/1)                                                                                 =
-------------------------------------------------------------------------------------------------------------------------
filename: C:/Users/dbloc/AppData/Local/Temp/scale.dbloc.8724/MSRR_ContinuousDepletion.f33 cross-section data taken from position number: 1
library title delimited by {}: 
{}
date library was produced: 538976288/538976288/538976288
total number of nuclides in library: 2237
number of light-element nuclides: 910
number of actinide nuclides: 176
number of fission product nuclides: 1151
number of nonzero off-diagonal matrix elements: 54564
=========================================================================================================================
.
.
*************************************************************************************************************************
********************                                                                                 ********************
********************                                                                                 ********************
********************                    Concentration tables                                         ********************
********************                                                                                 ********************
********************                                                                                 ********************
*************************************************************************************************************************
.
.
=========================================================================================================================
=   Element concentrations in gram-atoms for case '1' (#1/1)                                                            =
-------------------------------------------------------------------------------------------------------------------------
  (relative cutoff; integral of concentrations over time >   1.00E-19 % of integral of all concentrations over time)
.
                   0.000d     10.000d     20.000d     30.000d     40.000d     50.000d   
     h        0.0000E+00  1.9406E-05  3.8823E-05  5.8250E-05  7.7684E-05  9.7124E-05
    he        0.0000E+00  2.2049E-05  4.4109E-05  6.6179E-05  8.8259E-05  1.1035E-04
    li        6.3330E+01  6.3330E+01  6.3330E+01  6.3330E+01  6.3330E+01  6.3330E+01
    be        3.1789E+01  3.1789E+01  3.1789E+01  3.1789E+01  3.1789E+01  3.1789E+01
     b        0.0000E+00  1.5431E-15  6.1671E-15  1.3864E-14  2.4625E-14  3.8443E-14
     c        0.0000E+00  2.4779E-11  4.9575E-11  7.4387E-11  9.9215E-11  1.2406E-10
     n        0.0000E+00  2.6600E-08  5.3175E-08  7.9750E-08  1.0633E-07  1.3290E-07
     o        0.0000E+00  2.0754E-06  4.1509E-06  6.2263E-06  8.3017E-06  1.0377E-05
     f        1.4667E+02  1.4667E+02  1.4667E+02  1.4667E+02  1.4667E+02  1.4667E+02
    ne        0.0000E+00  1.4665E-06  2.9330E-06  4.3996E-06  5.8661E-06  7.3326E-06
    ca        0.0000E+00  2.0649E-18  8.1818E-18  1.8308E-17  3.2435E-17  5.0561E-17
    sc        0.0000E+00  5.8769E-17  2.2625E-16  4.7478E-16  7.8529E-16  1.1439E-15
    ti        0.0000E+00  3.6409E-08  7.2822E-08  1.0924E-07  1.4567E-07  1.8209E-07
     v        0.0000E+00  1.0428E-05  3.7867E-05  7.8549E-05  1.2954E-04  1.8856E-04
    cr        1.7000E+02  1.7000E+02  1.7000E+02  1.7000E+02  1.7000E+02  1.7000E+02
    mn        0.0000E+00  4.3785E-06  9.1400E-06  1.4292E-05  1.9831E-05  2.5758E-05
    fe        6.5000E+02  6.5000E+02  6.5000E+02  6.5000E+02  6.5000E+02  6.5000E+02
    co        3.0000E+01  3.0000E+01  3.0000E+01  3.0000E+01  3.0000E+01  3.0000E+01
    ni        1.2000E+02  1.2000E+02  1.2000E+02  1.2000E+02  1.2000E+02  1.2000E+02
    cu        0.0000E+00  1.2750E-06  2.5781E-06  3.8898E-06  5.2102E-06  6.5393E-06
    zn        0.0000E+00  5.3516E-11  8.0648E-11  1.0976E-10  1.4162E-10  1.7625E-10
    ga        0.0000E+00  6.9484E-11  1.1364E-10  1.5748E-10  2.0133E-10  2.4521E-10
    ge        0.0000E+00  1.7329E-08  3.1747E-08  4.6163E-08  6.0576E-08  7.4987E-08
    as        0.0000E+00  1.2169E-08  1.6592E-08  2.0880E-08  2.5165E-08  2.9450E-08
    se        0.0000E+00  2.0885E-06  4.1795E-06  6.2700E-06  8.3600E-06  1.0449E-05
    br        0.0000E+00  8.5240E-07  1.6601E-06  2.4677E-06  3.2750E-06  4.0821E-06
    kr        0.0000E+00  1.5367E-05  3.0343E-05  4.5311E-05  6.0272E-05  7.5225E-05
    rb        0.0000E+00  1.4102E-05  2.8326E-05  4.2548E-05  5.6765E-05  7.0980E-05
    sr        0.0000E+00  5.6017E-05  1.0831E-04  1.5861E-04  2.0716E-04  2.5419E-04
     y        0.0000E+00  2.3862E-05  4.6756E-05  6.9434E-05  9.1888E-05  1.1411E-04
    zr        0.0000E+00  1.2534E-04  2.5072E-04  3.7600E-04  5.0118E-04  6.2623E-04
    nb        0.0000E+00  1.4702E-06  4.7928E-06  9.5515E-06  1.5281E-05  2.1619E-05
    mo        3.0000E+01  3.0000E+01  3.0000E+01  3.0000E+01  3.0000E+01  3.0000E+01
    tc        0.0000E+00  2.8599E-05  7.1654E-05  1.1587E-04  1.6016E-04  2.0446E-04
    ru        0.0000E+00  6.3014E-05  1.2422E-04  1.8389E-04  2.4229E-04  2.9961E-04
    rh        0.0000E+00  1.8057E-06  4.6203E-06  8.9291E-06  1.4496E-05  2.1118E-05
    pd        0.0000E+00  3.9431E-06  8.7998E-06  1.3706E-05  1.8654E-05  2.3644E-05
    ag        0.0000E+00  1.6723E-07  3.1635E-07  4.5605E-07  5.9298E-07  7.2977E-07
    cd        0.0000E+00  2.4971E-07  5.2122E-07  8.0338E-07  1.0902E-06  1.3790E-06
    in        0.0000E+00  3.4112E-08  8.1544E-08  1.2987E-07  1.7848E-07  2.2729E-07
    sn        0.0000E+00  6.6905E-07  1.2975E-06  1.9167E-06  2.5313E-06  3.1437E-06
    sb        0.0000E+00  5.9592E-07  8.7284E-07  1.1177E-06  1.3596E-06  1.6017E-06
    te        0.0000E+00  1.6511E-05  2.6262E-05  3.5248E-05  4.4108E-05  5.2920E-05
     i        0.0000E+00  1.4226E-05  2.0001E-05  2.3915E-05  2.7064E-05  2.9910E-05
    xe        0.0000E+00  8.5917E-05  1.7343E-04  2.6024E-04  3.4702E-04  4.3391E-04
    cs        0.0000E+00  5.6524E-05  1.2681E-04  2.0044E-04  2.7493E-04  3.4963E-04
    ba        0.0000E+00  4.5987E-05  8.3862E-05  1.1712E-04  1.4770E-04  1.7673E-04
    la        0.0000E+00  2.7981E-05  5.5060E-05  8.1445E-05  1.0742E-04  1.3314E-04
    ce        0.0000E+00  7.3178E-05  1.4628E-04  2.2090E-04  2.9547E-04  3.6921E-04
    pr        0.0000E+00  1.8247E-05  3.6843E-05  5.3768E-05  7.0345E-05  8.7257E-05
    nd        0.0000E+00  4.6598E-05  9.8906E-05  1.5501E-04  2.1368E-04  2.7414E-04
    pm        0.0000E+00  3.8768E-06  9.2954E-06  1.6254E-05  2.4028E-05  3.2203E-05
    sm        0.0000E+00  5.8765E-06  1.3181E-05  2.0584E-05  2.8043E-05  3.5561E-05
    eu        0.0000E+00  6.3696E-07  1.4250E-06  2.2067E-06  2.9816E-06  3.7521E-06
    gd        0.0000E+00  4.9410E-08  1.1963E-07  2.0255E-07  2.9418E-07  3.9198E-07
    tb        0.0000E+00  3.9458E-09  8.2369E-09  1.2497E-08  1.6759E-08  2.1035E-08
    dy        0.0000E+00  2.5606E-10  6.6455E-10  1.1351E-09  1.6342E-09  2.1499E-09
    ho        0.0000E+00  6.5264E-12  1.2955E-11  1.9483E-11  2.6172E-11  3.3028E-11
    er        0.0000E+00  4.7712E-12  1.0823E-11  1.7093E-11  2.3450E-11  2.9889E-11
    tm        0.0000E+00  3.2174E-13  7.8681E-13  1.3262E-12  1.9060E-12  2.5058E-12
    yb        0.0000E+00  7.5658E-14  2.4542E-13  4.3008E-13  6.1732E-13  8.0599E-13
    ac        0.0000E+00  5.7178E-18  2.6497E-17  6.2653E-17  1.1414E-16  1.8092E-16
    th        0.0000E+00  9.1145E-11  1.7455E-10  2.5521E-10  3.3382E-10  4.1092E-10
    pa        0.0000E+00  2.2598E-11  4.9248E-11  7.5873E-11  1.0247E-10  1.2903E-10
     u        5.0000E+00  4.9995E+00  4.9990E+00  4.9986E+00  4.9981E+00  4.9976E+00
    np        0.0000E+00  2.6526E-05  2.7982E-05  2.8119E-05  2.8196E-05  2.8279E-05
    pu        0.0000E+00  5.5790E-05  1.3677E-04  2.1897E-04  3.0112E-04  3.8316E-04
    am        0.0000E+00  4.6437E-15  9.4847E-14  5.3762E-13  1.8117E-12  4.6073E-12
    cm        0.0000E+00  9.3403E-19  3.8780E-17  3.3777E-16  1.5411E-15  4.9435E-15
------------
  totals       1.2468E+03  1.2468E+03  1.2468E+03  1.2468E+03  1.2468E+03  1.2468E+03
=========================================================================================================================
.
.
*************************************************************************************************************************
********************                                                                                 ********************
********************                                                                                 ********************
********************                    Written F71 File Information                                 ********************
********************                                                                                 ********************
********************                                                                                 ********************
*************************************************************************************************************************
.
.
   pos         time        power         flux      fluence       energy libpos   case   step DCGNAB
   (-)          (s)         (MW)    (n/cm2-s)      (n/cm2)        (MWd)    (-)    (-)    (-)    (-)
     1  0.00000e+00  1.13956e-02  1.00000e+13  0.00000e+00  0.00000e+00      1      1      0 DC----
     2  8.64000e+05  1.13956e-02  1.00000e+13  8.64000e+18  1.13956e-01      1      1      1 DC----
     3  1.72800e+06  1.13945e-02  1.00000e+13  1.72800e+19  2.27901e-01      1      1      2 DC----
     4  2.59200e+06  1.13930e-02  1.00000e+13  2.59200e+19  3.41832e-01      1      1      3 DC----
     5  3.45600e+06  1.13915e-02  1.00000e+13  3.45600e+19  4.55747e-01      1      1      4 DC----
     6  4.32000e+06  1.13900e-02  1.00000e+13  4.32000e+19  5.69647e-01      1      1      5 DC----
    D - state definition present
    C - concentrations present
    G - gamma emission spectra present
    N - neutron emission spectra present
    A - alpha emission spectra present
    B - beta emission spectra present
.
.
.
=========================================================================================================================
ORIGEN finished successfully.
=========================================================================================================================
    module origen used 0.380984 seconds cpu time for the current pass.

    module origen is finished. completion code    0. total cpu time used 6.6e-006 seconds.


    SCALE is finished on Wed Apr 05 23:47:12 2023.
-------------------------- Summary --------------------------
shell finished. used 0.0298878 seconds.
origen finished. used 0.381761 seconds.
SCALE driver required a maximum of 9.785 MiB of RAM.
------------------------ End Summary ------------------------

MSRR_ContinuousDepletion.f33 copied to C:\Users\dbloc\Documents\SCALE\files\MSRR_ContinuousDepletion.f33.
isotopics.f71 copied to C:\Users\dbloc\Documents\SCALE\files\isotopics.f71.
